[2022-04-17 19:38:40,302: INFO: 01_base_model]: 
********************
[2022-04-17 19:38:40,302: INFO: 01_base_model]: >>>>> stage creating base model started <<<<<
[2022-04-17 19:38:40,303: INFO: common]: yaml file: configs/config.yaml loaded successfully
[2022-04-17 19:38:50,826: INFO: 01_base_model]: >>>>> stage creating base model completed!<<<<<

[2022-04-17 19:40:32,381: INFO: 01_base_model]: 
********************
[2022-04-17 19:40:32,381: INFO: 01_base_model]: >>>>> stage creating base model started <<<<<
[2022-04-17 19:40:32,382: INFO: common]: yaml file: configs/config.yaml loaded successfully
[2022-04-17 19:40:32,812: INFO: 01_base_model]: >>>>> stage creating base model completed!<<<<<

[2022-04-17 19:47:19,032: INFO: 01_base_model]: 
********************
[2022-04-17 19:47:19,032: INFO: 01_base_model]: >>>>> stage creating base model started <<<<<
[2022-04-17 19:47:19,032: INFO: common]: yaml file: configs/config.yaml loaded successfully
[2022-04-17 19:47:19,458: INFO: 01_base_model]: base model summary: 
Model: "sequential"
_________________________________________________________________
 Layer (type)                Output Shape              Param #   
=================================================================
 inputlayer (Flatten)        (None, 784)               0         
                                                                 
 hiddenlayer1 (Dense)        (None, 300)               235500    
                                                                 
 leaky_re_lu (LeakyReLU)     (None, 300)               0         
                                                                 
 hiddenlayer2 (Dense)        (None, 100)               30100     
                                                                 
 leaky_re_lu_1 (LeakyReLU)   (None, 100)               0         
                                                                 
 outputlayer (Dense)         (None, 10)                1010      
                                                                 
=================================================================
Total params: 266,610
Trainable params: 266,610
Non-trainable params: 0
_________________________________________________________________

[2022-04-17 19:48:01,342: INFO: common]: created directory at: artifacts/models
[2022-04-17 19:48:01,356: INFO: 01_base_model]: base model is saved at artifacts/models/base_model.h5
[2022-04-17 19:48:01,988: INFO: 01_base_model]: evaluation metrics [0.3162630796432495, 0.9093000292778015]
[2022-04-17 19:48:01,990: INFO: 01_base_model]: >>>>> stage creating base model completed!<<<<<

